<?xml version="1.0" encoding="UTF-8"?>
<!-- Generated by org.testng.reporters.JUnitReportReporter -->
<testsuite hostname="ISHITA" failures="0" tests="1" name="sampleTC.Tc_02_Test" time="9.607" errors="0" timestamp="2023-08-30T11:51:34 IST" skipped="0">
  <testcase classname="sampleTC.Tc_02_Test" name="navigatingToFlipkart" time="9.607"/>
  <system-out/>
</testsuite> <!-- sampleTC.Tc_02_Test -->
