<?xml version="1.0" encoding="UTF-8"?>
<!-- Generated by org.testng.reporters.JUnitReportReporter -->
<testsuite hostname="ISHITA" failures="0" tests="1" name="sampleTC.Tc_01_Test" time="4.908" errors="0" timestamp="2023-08-31T10:53:21 IST" skipped="0">
  <testcase classname="sampleTC.Tc_01_Test" name="navigatingToMyntra" time="4.908"/>
  <system-out/>
</testsuite> <!-- sampleTC.Tc_01_Test -->
