<?xml version="1.0" encoding="UTF-8"?>
<!-- Generated by org.testng.reporters.JUnitReportReporter -->
<testsuite hostname="ISHITA" failures="0" tests="1" name="sampleTC.Tc_04_Test" time="4.824" errors="0" timestamp="2023-09-01T10:58:55 IST" skipped="0">
  <testcase classname="sampleTC.Tc_04_Test" name="navigatingToMakeMyTrip" time="4.824"/>
  <system-out/>
</testsuite> <!-- sampleTC.Tc_04_Test -->
